#
# There is insufficient memory for the Java Runtime Environment to continue.
# Native memory allocation (malloc) failed to allocate 32744 bytes for ChunkPool::allocate
# Possible reasons:
#   The system is out of physical RAM or swap space
#   The process is running with CompressedOops enabled, and the Java Heap may be blocking the growth of the native heap
# Possible solutions:
#   Reduce memory load on the system
#   Increase physical memory or swap space
#   Check if swap backing store is full
#   Decrease Java heap size (-Xmx/-Xms)
#   Decrease number of Java threads
#   Decrease Java thread stack sizes (-Xss)
#   Set larger code cache with -XX:ReservedCodeCacheSize=
#   JVM is running with Unscaled Compressed Oops mode in which the Java heap is
#     placed in the first 4GB address space. The Java Heap base address is the
#     maximum limit for the native heap growth. Please use -XX:HeapBaseMinAddress
#     to set the Java Heap base and to place the Java Heap above 4GB virtual address.
# This output file may be truncated or incomplete.
#
#  Out of Memory Error (./open/src/hotspot/share/memory/arena.cpp:79), pid=17124, tid=1552
#
# JRE version: OpenJDK Runtime Environment (15.0.1+9) (build 15.0.1+9-18)
# Java VM: OpenJDK 64-Bit Server VM (15.0.1+9-18, mixed mode, tiered, compressed oops, g1 gc, windows-amd64)
# No core dump will be written. Minidumps are not enabled by default on client versions of Windows
#

---------------  S U M M A R Y ------------

Command Line: -Dfile.encoding=Cp1252 -XX:+ShowCodeDetailsInExceptionMessages NumberPuzzleApp

Host: Intel(R) Core(TM) i5-8300H CPU @ 2.30GHz, 8 cores, 7G,  Windows 10 , 64 bit Build 19041 (10.0.19041.1023)
Time: Thu Jul  8 16:46:47 2021 India Standard Time elapsed time: 0.092876 seconds (0d 0h 0m 0s)

---------------  T H R E A D  ---------------

Current thread (0x0000020162611aa0):  JavaThread "C2 CompilerThread0" daemon [_thread_in_native, id=1552, stack(0x0000001f6cf00000,0x0000001f6d000000)]


Current CompileTask:
C2:     93   73       4       java.lang.String::hashCode (60 bytes)

Stack: [0x0000001f6cf00000,0x0000001f6d000000]
Native frames: (J=compiled Java code, j=interpreted, Vv=VM code, C=native code)
V  [jvm.dll+0x62ae9a]
V  [jvm.dll+0x781389]
V  [jvm.dll+0x782ae3]
V  [jvm.dll+0x783143]
V  [jvm.dll+0x216265]
V  [jvm.dll+0x9828f]
V  [jvm.dll+0x985dc]
V  [jvm.dll+0x27a71c]
V  [jvm.dll+0x5408d4]
V  [jvm.dll+0x1f2c14]
V  [jvm.dll+0x1ec4c8]
V  [jvm.dll+0x1e97a7]
V  [jvm.dll+0x1784c7]
V  [jvm.dll+0x1f9165]
V  [jvm.dll+0x1f720c]
V  [jvm.dll+0x74485d]
V  [jvm.dll+0x73d65a]
V  [jvm.dll+0x629c56]
C  [ucrtbase.dll+0x21bb2]
C  [KERNEL32.DLL+0x17034]
C  [ntdll.dll+0x52651]


---------------  P R O C E S S  ---------------

Threads class SMR info:
_java_thread_list=0x000002016277ad50, length=11, elements={
0x000002014574fc40, 0x00000201619c0030, 0x00000201619c0ae0, 0x00000201625df3a0,
0x0000020162610210, 0x0000020162610cc0, 0x0000020162611aa0, 0x000002016261fa60,
0x0000020162620450, 0x00000201630d8070, 0x00000201641b1380
}

Java Threads: ( => current thread )
  0x000002014574fc40 JavaThread "main" [_thread_in_Java, id=4480, stack(0x0000001f6c300000,0x0000001f6c400000)]
  0x00000201619c0030 JavaThread "Reference Handler" daemon [_thread_blocked, id=16120, stack(0x0000001f6ca00000,0x0000001f6cb00000)]
  0x00000201619c0ae0 JavaThread "Finalizer" daemon [_thread_blocked, id=17288, stack(0x0000001f6cb00000,0x0000001f6cc00000)]
  0x00000201625df3a0 JavaThread "Signal Dispatcher" daemon [_thread_blocked, id=12668, stack(0x0000001f6cc00000,0x0000001f6cd00000)]
  0x0000020162610210 JavaThread "Attach Listener" daemon [_thread_blocked, id=13792, stack(0x0000001f6cd00000,0x0000001f6ce00000)]
  0x0000020162610cc0 JavaThread "Service Thread" daemon [_thread_blocked, id=11584, stack(0x0000001f6ce00000,0x0000001f6cf00000)]
=>0x0000020162611aa0 JavaThread "C2 CompilerThread0" daemon [_thread_in_native, id=1552, stack(0x0000001f6cf00000,0x0000001f6d000000)]
  0x000002016261fa60 JavaThread "C1 CompilerThread0" daemon [_thread_blocked, id=15892, stack(0x0000001f6d000000,0x0000001f6d100000)]
  0x0000020162620450 JavaThread "Sweeper thread" daemon [_thread_blocked, id=3964, stack(0x0000001f6d100000,0x0000001f6d200000)]
  0x00000201630d8070 JavaThread "Notification Thread" daemon [_thread_blocked, id=14000, stack(0x0000001f6d200000,0x0000001f6d300000)]
  0x00000201641b1380 JavaThread "Common-Cleaner" daemon [_thread_blocked, id=4996, stack(0x0000001f6d400000,0x0000001f6d500000)]

Other Threads:
  0x00000201619a9bf0 VMThread "VM Thread" [stack: 0x0000001f6c900000,0x0000001f6ca00000] [id=17556]
  0x00000201630d8540 WatcherThread [stack: 0x0000001f6d300000,0x0000001f6d400000] [id=6852]
  0x000002014578ede0 GCTaskThread "GC Thread#0" [stack: 0x0000001f6c400000,0x0000001f6c500000] [id=11660]
  0x00000201457a14a0 ConcurrentGCThread "G1 Main Marker" [stack: 0x0000001f6c500000,0x0000001f6c600000] [id=4324]
  0x00000201457a2110 ConcurrentGCThread "G1 Conc#0" [stack: 0x0000001f6c600000,0x0000001f6c700000] [id=9348]
  0x000002014582da40 ConcurrentGCThread "G1 Refine#0" [stack: 0x0000001f6c700000,0x0000001f6c800000] [id=2480]
  0x000002014582e380 ConcurrentGCThread "G1 Young RemSet Sampling" [stack: 0x0000001f6c800000,0x0000001f6c900000] [id=14872]

Threads with active compile tasks:
C2 CompilerThread0      115   73       4       java.lang.String::hashCode (60 bytes)

VM state: not at safepoint (normal execution)

VM Mutex/Monitor currently owned by a thread: None

Heap address: 0x0000000081e00000, size: 2018 MB, Compressed Oops mode: 32-bit
CDS disabled.
Compressed class space mapped at: 0x0000000100000000-0x0000000140000000, size: 1073741824
Narrow klass base: 0x0000000000000000, Narrow klass shift: 3, Narrow klass range: 0x140000000

GC Precious Log:
 CPUs: 8 total, 8 available
 Memory: 8066M
 Large Page Support: Disabled
 NUMA Support: Disabled
 Compressed Oops: Enabled (32-bit)
 Heap Region Size: 1M
 Heap Min Capacity: 8M
 Heap Initial Capacity: 128M
 Heap Max Capacity: 2018M
 Pre-touch: Disabled
 Parallel Workers: 8
 Concurrent Workers: 2
 Concurrent Refinement Workers: 8
 Periodic GC: Disabled

Heap:
 garbage-first heap   total 131072K, used 1024K [0x0000000081e00000, 0x0000000100000000)
  region size 1024K, 2 young (2048K), 0 survivors (0K)
 Metaspace       used 4680K, capacity 4794K, committed 5120K, reserved 1077248K
  class space    used 385K, capacity 418K, committed 512K, reserved 1048576K

Heap Regions: E=young(eden), S=young(survivor), O=old, HS=humongous(starts), HC=humongous(continues), CS=collection set, F=free, OA=open archive, CA=closed archive, TAMS=top-at-mark-start (previous, next)
|   0|0x0000000081e00000, 0x0000000081e00000, 0x0000000081f00000|  0%| F|  |TAMS 0x0000000081e00000, 0x0000000081e00000| Untracked 
|   1|0x0000000081f00000, 0x0000000081f00000, 0x0000000082000000|  0%| F|  |TAMS 0x0000000081f00000, 0x0000000081f00000| Untracked 
|   2|0x0000000082000000, 0x0000000082000000, 0x0000000082100000|  0%| F|  |TAMS 0x0000000082000000, 0x0000000082000000| Untracked 
|   3|0x0000000082100000, 0x0000000082100000, 0x0000000082200000|  0%| F|  |TAMS 0x0000000082100000, 0x0000000082100000| Untracked 
|   4|0x0000000082200000, 0x0000000082200000, 0x0000000082300000|  0%| F|  |TAMS 0x0000000082200000, 0x0000000082200000| Untracked 
|   5|0x0000000082300000, 0x0000000082300000, 0x0000000082400000|  0%| F|  |TAMS 0x0000000082300000, 0x0000000082300000| Untracked 
|   6|0x0000000082400000, 0x0000000082400000, 0x0000000082500000|  0%| F|  |TAMS 0x0000000082400000, 0x0000000082400000| Untracked 
|   7|0x0000000082500000, 0x0000000082500000, 0x0000000082600000|  0%| F|  |TAMS 0x0000000082500000, 0x0000000082500000| Untracked 
|   8|0x0000000082600000, 0x0000000082600000, 0x0000000082700000|  0%| F|  |TAMS 0x0000000082600000, 0x0000000082600000| Untracked 
|   9|0x0000000082700000, 0x0000000082700000, 0x0000000082800000|  0%| F|  |TAMS 0x0000000082700000, 0x0000000082700000| Untracked 
|  10|0x0000000082800000, 0x0000000082800000, 0x0000000082900000|  0%| F|  |TAMS 0x0000000082800000, 0x0000000082800000| Untracked 
|  11|0x0000000082900000, 0x0000000082900000, 0x0000000082a00000|  0%| F|  |TAMS 0x0000000082900000, 0x0000000082900000| Untracked 
|  12|0x0000000082a00000, 0x0000000082a00000, 0x0000000082b00000|  0%| F|  |TAMS 0x0000000082a00000, 0x0000000082a00000| Untracked 
|  13|0x0000000082b00000, 0x0000000082b00000, 0x0000000082c00000|  0%| F|  |TAMS 0x0000000082b00000, 0x0000000082b00000| Untracked 
|  14|0x0000000082c00000, 0x0000000082c00000, 0x0000000082d00000|  0%| F|  |TAMS 0x0000000082c00000, 0x0000000082c00000| Untracked 
|  15|0x0000000082d00000, 0x0000000082d00000, 0x0000000082e00000|  0%| F|  |TAMS 0x0000000082d00000, 0x0000000082d00000| Untracked 
|  16|0x0000000082e00000, 0x0000000082e00000, 0x0000000082f00000|  0%| F|  |TAMS 0x0000000082e00000, 0x0000000082e00000| Untracked 
|  17|0x0000000082f00000, 0x0000000082f00000, 0x0000000083000000|  0%| F|  |TAMS 0x0000000082f00000, 0x0000000082f00000| Untracked 
|  18|0x0000000083000000, 0x0000000083000000, 0x0000000083100000|  0%| F|  |TAMS 0x0000000083000000, 0x0000000083000000| Untracked 
|  19|0x0000000083100000, 0x0000000083100000, 0x0000000083200000|  0%| F|  |TAMS 0x0000000083100000, 0x0000000083100000| Untracked 
|  20|0x0000000083200000, 0x0000000083200000, 0x0000000083300000|  0%| F|  |TAMS 0x0000000083200000, 0x0000000083200000| Untracked 
|  21|0x0000000083300000, 0x0000000083300000, 0x0000000083400000|  0%| F|  |TAMS 0x0000000083300000, 0x0000000083300000| Untracked 
|  22|0x0000000083400000, 0x0000000083400000, 0x0000000083500000|  0%| F|  |TAMS 0x0000000083400000, 0x0000000083400000| Untracked 
|  23|0x0000000083500000, 0x0000000083500000, 0x0000000083600000|  0%| F|  |TAMS 0x0000000083500000, 0x0000000083500000| Untracked 
|  24|0x0000000083600000, 0x0000000083600000, 0x0000000083700000|  0%| F|  |TAMS 0x0000000083600000, 0x0000000083600000| Untracked 
|  25|0x0000000083700000, 0x0000000083700000, 0x0000000083800000|  0%| F|  |TAMS 0x0000000083700000, 0x0000000083700000| Untracked 
|  26|0x0000000083800000, 0x0000000083800000, 0x0000000083900000|  0%| F|  |TAMS 0x0000000083800000, 0x0000000083800000| Untracked 
|  27|0x0000000083900000, 0x0000000083900000, 0x0000000083a00000|  0%| F|  |TAMS 0x0000000083900000, 0x0000000083900000| Untracked 
|  28|0x0000000083a00000, 0x0000000083a00000, 0x0000000083b00000|  0%| F|  |TAMS 0x0000000083a00000, 0x0000000083a00000| Untracked 
|  29|0x0000000083b00000, 0x0000000083b00000, 0x0000000083c00000|  0%| F|  |TAMS 0x0000000083b00000, 0x0000000083b00000| Untracked 
|  30|0x0000000083c00000, 0x0000000083c00000, 0x0000000083d00000|  0%| F|  |TAMS 0x0000000083c00000, 0x0000000083c00000| Untracked 
|  31|0x0000000083d00000, 0x0000000083d00000, 0x0000000083e00000|  0%| F|  |TAMS 0x0000000083d00000, 0x0000000083d00000| Untracked 
|  32|0x0000000083e00000, 0x0000000083e00000, 0x0000000083f00000|  0%| F|  |TAMS 0x0000000083e00000, 0x0000000083e00000| Untracked 
|  33|0x0000000083f00000, 0x0000000083f00000, 0x0000000084000000|  0%| F|  |TAMS 0x0000000083f00000, 0x0000000083f00000| Untracked 
|  34|0x0000000084000000, 0x0000000084000000, 0x0000000084100000|  0%| F|  |TAMS 0x0000000084000000, 0x0000000084000000| Untracked 
|  35|0x0000000084100000, 0x0000000084100000, 0x0000000084200000|  0%| F|  |TAMS 0x0000000084100000, 0x0000000084100000| Untracked 
|  36|0x0000000084200000, 0x0000000084200000, 0x0000000084300000|  0%| F|  |TAMS 0x0000000084200000, 0x0000000084200000| Untracked 
|  37|0x0000000084300000, 0x0000000084300000, 0x0000000084400000|  0%| F|  |TAMS 0x0000000084300000, 0x0000000084300000| Untracked 
|  38|0x0000000084400000, 0x0000000084400000, 0x0000000084500000|  0%| F|  |TAMS 0x0000000084400000, 0x0000000084400000| Untracked 
|  39|0x0000000084500000, 0x0000000084500000, 0x0000000084600000|  0%| F|  |TAMS 0x0000000084500000, 0x0000000084500000| Untracked 
|  40|0x0000000084600000, 0x0000000084600000, 0x0000000084700000|  0%| F|  |TAMS 0x0000000084600000, 0x0000000084600000| Untracked 
|  41|0x0000000084700000, 0x0000000084700000, 0x0000000084800000|  0%| F|  |TAMS 0x0000000084700000, 0x0000000084700000| Untracked 
|  42|0x0000000084800000, 0x0000000084800000, 0x0000000084900000|  0%| F|  |TAMS 0x0000000084800000, 0x0000000084800000| Untracked 
|  43|0x0000000084900000, 0x0000000084900000, 0x0000000084a00000|  0%| F|  |TAMS 0x0000000084900000, 0x0000000084900000| Untracked 
|  44|0x0000000084a00000, 0x0000000084a00000, 0x0000000084b00000|  0%| F|  |TAMS 0x0000000084a00000, 0x0000000084a00000| Untracked 
|  45|0x0000000084b00000, 0x0000000084b00000, 0x0000000084c00000|  0%| F|  |TAMS 0x0000000084b00000, 0x0000000084b00000| Untracked 
|  46|0x0000000084c00000, 0x0000000084c00000, 0x0000000084d00000|  0%| F|  |TAMS 0x0000000084c00000, 0x0000000084c00000| Untracked 
|  47|0x0000000084d00000, 0x0000000084d00000, 0x0000000084e00000|  0%| F|  |TAMS 0x0000000084d00000, 0x0000000084d00000| Untracked 
|  48|0x0000000084e00000, 0x0000000084e00000, 0x0000000084f00000|  0%| F|  |TAMS 0x0000000084e00000, 0x0000000084e00000| Untracked 
|  49|0x0000000084f00000, 0x0000000084f00000, 0x0000000085000000|  0%| F|  |TAMS 0x0000000084f00000, 0x0000000084f00000| Untracked 
|  50|0x0000000085000000, 0x0000000085000000, 0x0000000085100000|  0%| F|  |TAMS 0x0000000085000000, 0x0000000085000000| Untracked 
|  51|0x0000000085100000, 0x0000000085100000, 0x0000000085200000|  0%| F|  |TAMS 0x0000000085100000, 0x0000000085100000| Untracked 
|  52|0x0000000085200000, 0x0000000085200000, 0x0000000085300000|  0%| F|  |TAMS 0x0000000085200000, 0x0000000085200000| Untracked 
|  53|0x0000000085300000, 0x0000000085300000, 0x0000000085400000|  0%| F|  |TAMS 0x0000000085300000, 0x0000000085300000| Untracked 
|  54|0x0000000085400000, 0x0000000085400000, 0x0000000085500000|  0%| F|  |TAMS 0x0000000085400000, 0x0000000085400000| Untracked 
|  55|0x0000000085500000, 0x0000000085500000, 0x0000000085600000|  0%| F|  |TAMS 0x0000000085500000, 0x0000000085500000| Untracked 
|  56|0x0000000085600000, 0x0000000085600000, 0x0000000085700000|  0%| F|  |TAMS 0x0000000085600000, 0x0000000085600000| Untracked 
|  57|0x0000000085700000, 0x0000000085700000, 0x0000000085800000|  0%| F|  |TAMS 0x0000000085700000, 0x0000000085700000| Untracked 
|  58|0x0000000085800000, 0x0000000085800000, 0x0000000085900000|  0%| F|  |TAMS 0x0000000085800000, 0x0000000085800000| Untracked 
|  59|0x0000000085900000, 0x0000000085900000, 0x0000000085a00000|  0%| F|  |TAMS 0x0000000085900000, 0x0000000085900000| Untracked 
|  60|0x0000000085a00000, 0x0000000085a00000, 0x0000000085b00000|  0%| F|  |TAMS 0x0000000085a00000, 0x0000000085a00000| Untracked 
|  61|0x0000000085b00000, 0x0000000085b00000, 0x0000000085c00000|  0%| F|  |TAMS 0x0000000085b00000, 0x0000000085b00000| Untracked 
|  62|0x0000000085c00000, 0x0000000085c00000, 0x0000000085d00000|  0%| F|  |TAMS 0x0000000085c00000, 0x0000000085c00000| Untracked 
|  63|0x0000000085d00000, 0x0000000085d00000, 0x0000000085e00000|  0%| F|  |TAMS 0x0000000085d00000, 0x0000000085d00000| Untracked 
|  64|0x0000000085e00000, 0x0000000085e00000, 0x0000000085f00000|  0%| F|  |TAMS 0x0000000085e00000, 0x0000000085e00000| Untracked 
|  65|0x0000000085f00000, 0x0000000085f00000, 0x0000000086000000|  0%| F|  |TAMS 0x0000000085f00000, 0x0000000085f00000| Untracked 
|  66|0x0000000086000000, 0x0000000086000000, 0x0000000086100000|  0%| F|  |TAMS 0x0000000086000000, 0x0000000086000000| Untracked 
|  67|0x0000000086100000, 0x0000000086100000, 0x0000000086200000|  0%| F|  |TAMS 0x0000000086100000, 0x0000000086100000| Untracked 
|  68|0x0000000086200000, 0x0000000086200000, 0x0000000086300000|  0%| F|  |TAMS 0x0000000086200000, 0x0000000086200000| Untracked 
|  69|0x0000000086300000, 0x0000000086300000, 0x0000000086400000|  0%| F|  |TAMS 0x0000000086300000, 0x0000000086300000| Untracked 
|  70|0x0000000086400000, 0x0000000086400000, 0x0000000086500000|  0%| F|  |TAMS 0x0000000086400000, 0x0000000086400000| Untracked 
|  71|0x0000000086500000, 0x0000000086500000, 0x0000000086600000|  0%| F|  |TAMS 0x0000000086500000, 0x0000000086500000| Untracked 
|  72|0x0000000086600000, 0x0000000086600000, 0x0000000086700000|  0%| F|  |TAMS 0x0000000086600000, 0x0000000086600000| Untracked 
|  73|0x0000000086700000, 0x0000000086700000, 0x0000000086800000|  0%| F|  |TAMS 0x0000000086700000, 0x0000000086700000| Untracked 
|  74|0x0000000086800000, 0x0000000086800000, 0x0000000086900000|  0%| F|  |TAMS 0x0000000086800000, 0x0000000086800000| Untracked 
|  75|0x0000000086900000, 0x0000000086900000, 0x0000000086a00000|  0%| F|  |TAMS 0x0000000086900000, 0x0000000086900000| Untracked 
|  76|0x0000000086a00000, 0x0000000086a00000, 0x0000000086b00000|  0%| F|  |TAMS 0x0000000086a00000, 0x0000000086a00000| Untracked 
|  77|0x0000000086b00000, 0x0000000086b00000, 0x0000000086c00000|  0%| F|  |TAMS 0x0000000086b00000, 0x0000000086b00000| Untracked 
|  78|0x0000000086c00000, 0x0000000086c00000, 0x0000000086d00000|  0%| F|  |TAMS 0x0000000086c00000, 0x0000000086c00000| Untracked 
|  79|0x0000000086d00000, 0x0000000086d00000, 0x0000000086e00000|  0%| F|  |TAMS 0x0000000086d00000, 0x0000000086d00000| Untracked 
|  80|0x0000000086e00000, 0x0000000086e00000, 0x0000000086f00000|  0%| F|  |TAMS 0x0000000086e00000, 0x0000000086e00000| Untracked 
|  81|0x0000000086f00000, 0x0000000086f00000, 0x0000000087000000|  0%| F|  |TAMS 0x0000000086f00000, 0x0000000086f00000| Untracked 
|  82|0x0000000087000000, 0x0000000087000000, 0x0000000087100000|  0%| F|  |TAMS 0x0000000087000000, 0x0000000087000000| Untracked 
|  83|0x0000000087100000, 0x0000000087100000, 0x0000000087200000|  0%| F|  |TAMS 0x0000000087100000, 0x0000000087100000| Untracked 
|  84|0x0000000087200000, 0x0000000087200000, 0x0000000087300000|  0%| F|  |TAMS 0x0000000087200000, 0x0000000087200000| Untracked 
|  85|0x0000000087300000, 0x0000000087300000, 0x0000000087400000|  0%| F|  |TAMS 0x0000000087300000, 0x0000000087300000| Untracked 
|  86|0x0000000087400000, 0x0000000087400000, 0x0000000087500000|  0%| F|  |TAMS 0x0000000087400000, 0x0000000087400000| Untracked 
|  87|0x0000000087500000, 0x0000000087500000, 0x0000000087600000|  0%| F|  |TAMS 0x0000000087500000, 0x0000000087500000| Untracked 
|  88|0x0000000087600000, 0x0000000087600000, 0x0000000087700000|  0%| F|  |TAMS 0x0000000087600000, 0x0000000087600000| Untracked 
|  89|0x0000000087700000, 0x0000000087700000, 0x0000000087800000|  0%| F|  |TAMS 0x0000000087700000, 0x0000000087700000| Untracked 
|  90|0x0000000087800000, 0x0000000087800000, 0x0000000087900000|  0%| F|  |TAMS 0x0000000087800000, 0x0000000087800000| Untracked 
|  91|0x0000000087900000, 0x0000000087900000, 0x0000000087a00000|  0%| F|  |TAMS 0x0000000087900000, 0x0000000087900000| Untracked 
|  92|0x0000000087a00000, 0x0000000087a00000, 0x0000000087b00000|  0%| F|  |TAMS 0x0000000087a00000, 0x0000000087a00000| Untracked 
|  93|0x0000000087b00000, 0x0000000087b00000, 0x0000000087c00000|  0%| F|  |TAMS 0x0000000087b00000, 0x0000000087b00000| Untracked 
|  94|0x0000000087c00000, 0x0000000087c00000, 0x0000000087d00000|  0%| F|  |TAMS 0x0000000087c00000, 0x0000000087c00000| Untracked 
|  95|0x0000000087d00000, 0x0000000087d00000, 0x0000000087e00000|  0%| F|  |TAMS 0x0000000087d00000, 0x0000000087d00000| Untracked 
|  96|0x0000000087e00000, 0x0000000087e00000, 0x0000000087f00000|  0%| F|  |TAMS 0x0000000087e00000, 0x0000000087e00000| Untracked 
|  97|0x0000000087f00000, 0x0000000087f00000, 0x0000000088000000|  0%| F|  |TAMS 0x0000000087f00000, 0x0000000087f00000| Untracked 
|  98|0x0000000088000000, 0x0000000088000000, 0x0000000088100000|  0%| F|  |TAMS 0x0000000088000000, 0x0000000088000000| Untracked 
|  99|0x0000000088100000, 0x0000000088100000, 0x0000000088200000|  0%| F|  |TAMS 0x0000000088100000, 0x0000000088100000| Untracked 
| 100|0x0000000088200000, 0x0000000088200000, 0x0000000088300000|  0%| F|  |TAMS 0x0000000088200000, 0x0000000088200000| Untracked 
| 101|0x0000000088300000, 0x0000000088300000, 0x0000000088400000|  0%| F|  |TAMS 0x0000000088300000, 0x0000000088300000| Untracked 
| 102|0x0000000088400000, 0x0000000088400000, 0x0000000088500000|  0%| F|  |TAMS 0x0000000088400000, 0x0000000088400000| Untracked 
| 103|0x0000000088500000, 0x0000000088500000, 0x0000000088600000|  0%| F|  |TAMS 0x0000000088500000, 0x0000000088500000| Untracked 
| 104|0x0000000088600000, 0x0000000088600000, 0x0000000088700000|  0%| F|  |TAMS 0x0000000088600000, 0x0000000088600000| Untracked 
| 105|0x0000000088700000, 0x0000000088700000, 0x0000000088800000|  0%| F|  |TAMS 0x0000000088700000, 0x0000000088700000| Untracked 
| 106|0x0000000088800000, 0x0000000088800000, 0x0000000088900000|  0%| F|  |TAMS 0x0000000088800000, 0x0000000088800000| Untracked 
| 107|0x0000000088900000, 0x0000000088900000, 0x0000000088a00000|  0%| F|  |TAMS 0x0000000088900000, 0x0000000088900000| Untracked 
| 108|0x0000000088a00000, 0x0000000088a00000, 0x0000000088b00000|  0%| F|  |TAMS 0x0000000088a00000, 0x0000000088a00000| Untracked 
| 109|0x0000000088b00000, 0x0000000088b00000, 0x0000000088c00000|  0%| F|  |TAMS 0x0000000088b00000, 0x0000000088b00000| Untracked 
| 110|0x0000000088c00000, 0x0000000088c00000, 0x0000000088d00000|  0%| F|  |TAMS 0x0000000088c00000, 0x0000000088c00000| Untracked 
| 111|0x0000000088d00000, 0x0000000088d00000, 0x0000000088e00000|  0%| F|  |TAMS 0x0000000088d00000, 0x0000000088d00000| Untracked 
| 112|0x0000000088e00000, 0x0000000088e00000, 0x0000000088f00000|  0%| F|  |TAMS 0x0000000088e00000, 0x0000000088e00000| Untracked 
| 113|0x0000000088f00000, 0x0000000088f00000, 0x0000000089000000|  0%| F|  |TAMS 0x0000000088f00000, 0x0000000088f00000| Untracked 
| 114|0x0000000089000000, 0x0000000089000000, 0x0000000089100000|  0%| F|  |TAMS 0x0000000089000000, 0x0000000089000000| Untracked 
| 115|0x0000000089100000, 0x0000000089100000, 0x0000000089200000|  0%| F|  |TAMS 0x0000000089100000, 0x0000000089100000| Untracked 
| 116|0x0000000089200000, 0x0000000089200000, 0x0000000089300000|  0%| F|  |TAMS 0x0000000089200000, 0x0000000089200000| Untracked 
| 117|0x0000000089300000, 0x0000000089300000, 0x0000000089400000|  0%| F|  |TAMS 0x0000000089300000, 0x0000000089300000| Untracked 
| 118|0x0000000089400000, 0x0000000089400000, 0x0000000089500000|  0%| F|  |TAMS 0x0000000089400000, 0x0000000089400000| Untracked 
| 119|0x0000000089500000, 0x0000000089500000, 0x0000000089600000|  0%| F|  |TAMS 0x0000000089500000, 0x0000000089500000| Untracked 
| 120|0x0000000089600000, 0x0000000089600000, 0x0000000089700000|  0%| F|  |TAMS 0x0000000089600000, 0x0000000089600000| Untracked 
| 121|0x0000000089700000, 0x0000000089700000, 0x0000000089800000|  0%| F|  |TAMS 0x0000000089700000, 0x0000000089700000| Untracked 
| 122|0x0000000089800000, 0x0000000089800000, 0x0000000089900000|  0%| F|  |TAMS 0x0000000089800000, 0x0000000089800000| Untracked 
| 123|0x0000000089900000, 0x0000000089900000, 0x0000000089a00000|  0%| F|  |TAMS 0x0000000089900000, 0x0000000089900000| Untracked 
| 124|0x0000000089a00000, 0x0000000089a00000, 0x0000000089b00000|  0%| F|  |TAMS 0x0000000089a00000, 0x0000000089a00000| Untracked 
| 125|0x0000000089b00000, 0x0000000089b00000, 0x0000000089c00000|  0%| F|  |TAMS 0x0000000089b00000, 0x0000000089b00000| Untracked 
| 126|0x0000000089c00000, 0x0000000089c76448, 0x0000000089d00000| 46%| E|  |TAMS 0x0000000089c00000, 0x0000000089c00000| Complete 
| 127|0x0000000089d00000, 0x0000000089e00000, 0x0000000089e00000|100%| E|CS|TAMS 0x0000000089d00000, 0x0000000089d00000| Complete 

Card table byte_map: [0x000002015a790000,0x000002015ab90000] _byte_map_base: 0x000002015a381000

Marking Bits (Prev, Next): (CMBitMap*) 0x0000020145790660, (CMBitMap*) 0x00000201457906a0
 Prev Bits: [0x000002015af90000, 0x000002015cf18000)
 Next Bits: [0x000002015cf20000, 0x000002015eea8000)

Polling page: 0x00000201454f0000

Metaspace:

Usage:
  Non-class:      4.40 MB capacity,     4.32 MB ( 98%) used,    75.31 KB (  2%) free+waste,     4.75 KB ( <1%) overhead. 
      Class:    422.00 KB capacity,   393.43 KB ( 93%) used,    28.26 KB (  7%) free+waste,   320 bytes ( <1%) overhead. 
       Both:      4.81 MB capacity,     4.70 MB ( 98%) used,   103.57 KB (  2%) free+waste,     5.06 KB ( <1%) overhead. 

Virtual space:
  Non-class space:       28.00 MB reserved,       4.50 MB ( 16%) committed 
      Class space:        1.00 GB reserved,     512.00 KB ( <1%) committed 
             Both:        1.03 GB reserved,       5.00 MB ( <1%) committed 

Chunk freelists:
   Non-Class:  40.00 KB
       Class:  26.00 KB
        Both:  66.00 KB

MaxMetaspaceSize: 17179869184.00 GB
CompressedClassSpaceSize: 1.00 GB

CodeHeap 'non-profiled nmethods': size=120000Kb used=18Kb max_used=18Kb free=119981Kb
 bounds [0x0000020152400000, 0x0000020152670000, 0x0000020159930000]
CodeHeap 'profiled nmethods': size=120000Kb used=99Kb max_used=99Kb free=119901Kb
 bounds [0x000002014aed0000, 0x000002014b140000, 0x0000020152400000]
CodeHeap 'non-nmethods': size=5760Kb used=1075Kb max_used=1075Kb free=4684Kb
 bounds [0x000002014a930000, 0x000002014aba0000, 0x000002014aed0000]
 total_blobs=387 nmethods=80 adapters=220
 compilation: enabled
              stopped_count=0, restarted_count=0
 full_count=0

Compilation events (20 events):
Event: 0.089 Thread 0x000002016261fa60   61       3       java.util.HashMap::<init> (11 bytes)
Event: 0.089 Thread 0x000002016261fa60 nmethod 61 0x000002014aee3d10 code [0x000002014aee3ec0, 0x000002014aee4078]
Event: 0.089 Thread 0x000002016261fa60   62       1       java.lang.module.ModuleDescriptor$Exports::targets (5 bytes)
Event: 0.089 Thread 0x000002016261fa60 nmethod 62 0x0000020152403010 code [0x00000201524031a0, 0x0000020152403258]
Event: 0.090 Thread 0x000002016261fa60   64       3       java.util.ImmutableCollections$Set12::iterator (9 bytes)
Event: 0.090 Thread 0x000002016261fa60 nmethod 64 0x000002014aee4190 code [0x000002014aee4340, 0x000002014aee4618]
Event: 0.090 Thread 0x000002016261fa60   65       3       java.util.ImmutableCollections$Set12$1::<init> (32 bytes)
Event: 0.090 Thread 0x000002016261fa60 nmethod 65 0x000002014aee4710 code [0x000002014aee48c0, 0x000002014aee4af8]
Event: 0.090 Thread 0x000002016261fa60   66       1       java.util.ImmutableCollections$Set12::isEmpty (2 bytes)
Event: 0.090 Thread 0x000002016261fa60 nmethod 66 0x0000020152403310 code [0x00000201524034a0, 0x0000020152403558]
Event: 0.090 Thread 0x000002016261fa60   67       3       java.util.Map::entry (10 bytes)
Event: 0.090 Thread 0x000002016261fa60 nmethod 67 0x000002014aee4c10 code [0x000002014aee4e00, 0x000002014aee5378]
Event: 0.091 Thread 0x000002016261fa60   68       1       java.lang.module.ModuleDescriptor::isOpen (5 bytes)
Event: 0.091 Thread 0x000002016261fa60 nmethod 68 0x0000020152403610 code [0x00000201524037a0, 0x0000020152403858]
Event: 0.091 Thread 0x000002016261fa60   69       3       java.util.HashMap::putIfAbsent (13 bytes)
Event: 0.091 Thread 0x000002016261fa60 nmethod 69 0x000002014aee5590 code [0x000002014aee5740, 0x000002014aee5a38]
Event: 0.091 Thread 0x000002016261fa60   72       3       java.util.ImmutableCollections$Set12$1::next (95 bytes)
Event: 0.091 Thread 0x0000020162611aa0   73       4       java.lang.String::hashCode (60 bytes)
Event: 0.091 Thread 0x000002016261fa60 nmethod 72 0x000002014aee5b90 code [0x000002014aee5d40, 0x000002014aee5fa8]
Event: 0.091 Thread 0x000002016261fa60   75       3       java.util.HashMap::resize (356 bytes)

GC Heap History (0 events):
No events

Deoptimization events (0 events):
No events

Classes unloaded (0 events):
No events

Classes redefined (0 events):
No events

Internal exceptions (0 events):
No events

Events (20 events):
Event: 0.090 loading class java/util/HashMap$KeyIterator
Event: 0.090 loading class java/util/HashMap$KeyIterator done
Event: 0.090 loading class java/lang/ModuleLayer$Controller
Event: 0.090 loading class java/lang/ModuleLayer$Controller done
Event: 0.090 loading class jdk/internal/module/IllegalAccessLogger$Mode
Event: 0.090 loading class jdk/internal/module/IllegalAccessLogger$Mode done
Event: 0.090 loading class jdk/internal/module/IllegalAccessLogger$Builder
Event: 0.090 loading class jdk/internal/module/IllegalAccessLogger$Builder done
Event: 0.090 loading class java/util/HashMap$Values
Event: 0.090 loading class java/util/HashMap$Values done
Event: 0.090 loading class java/util/HashMap$ValueIterator
Event: 0.090 loading class java/util/HashMap$ValueIterator done
Event: 0.090 loading class java/util/Collections$UnmodifiableSet
Event: 0.090 loading class java/util/Collections$UnmodifiableCollection
Event: 0.090 loading class java/util/Collections$UnmodifiableCollection done
Event: 0.090 loading class java/util/Collections$UnmodifiableSet done
Event: 0.091 loading class jdk/internal/module/IllegalAccessLogger
Event: 0.091 loading class jdk/internal/module/IllegalAccessLogger done
Event: 0.091 loading class java/lang/invoke/StringConcatFactory
Event: 0.092 loading class java/lang/invoke/StringConcatFactory done


Dynamic libraries:
0x00007ff687360000 - 0x00007ff68736d000 	C:\Users\Arijit\.p2\pool\plugins\org.eclipse.justj.openjdk.hotspot.jre.full.win32.x86_64_15.0.1.v20201027-0507\jre\bin\javaw.exe
0x00007ffab7cb0000 - 0x00007ffab7ea5000 	C:\WINDOWS\SYSTEM32\ntdll.dll
0x00007ffab7640000 - 0x00007ffab76fd000 	C:\WINDOWS\System32\KERNEL32.DLL
0x00007ffab5750000 - 0x00007ffab5a18000 	C:\WINDOWS\System32\KERNELBASE.dll
0x00007ffab5a20000 - 0x00007ffab5b20000 	C:\WINDOWS\System32\ucrtbase.dll
0x00007ffab0440000 - 0x00007ffab0458000 	C:\Users\Arijit\.p2\pool\plugins\org.eclipse.justj.openjdk.hotspot.jre.full.win32.x86_64_15.0.1.v20201027-0507\jre\bin\jli.dll
0x00007ffaaf270000 - 0x00007ffaaf289000 	C:\Users\Arijit\.p2\pool\plugins\org.eclipse.justj.openjdk.hotspot.jre.full.win32.x86_64_15.0.1.v20201027-0507\jre\bin\VCRUNTIME140.dll
0x00007ffab68f0000 - 0x00007ffab6a90000 	C:\WINDOWS\System32\USER32.dll
0x00007ffab48f0000 - 0x00007ffab4b8a000 	C:\WINDOWS\WinSxS\amd64_microsoft.windows.common-controls_6595b64144ccf1df_6.0.19041.1052_none_60b8f8fd71f5e8cb\COMCTL32.dll
0x00007ffab54d0000 - 0x00007ffab54f2000 	C:\WINDOWS\System32\win32u.dll
0x00007ffab73e0000 - 0x00007ffab747e000 	C:\WINDOWS\System32\msvcrt.dll
0x00007ffab6610000 - 0x00007ffab663a000 	C:\WINDOWS\System32\GDI32.dll
0x00007ffab5500000 - 0x00007ffab560b000 	C:\WINDOWS\System32\gdi32full.dll
0x00007ffab5b20000 - 0x00007ffab5bbd000 	C:\WINDOWS\System32\msvcp_win.dll
0x00007ffab7080000 - 0x00007ffab70b0000 	C:\WINDOWS\System32\IMM32.DLL
0x00007ffab3880000 - 0x00007ffab388c000 	C:\Users\Arijit\.p2\pool\plugins\org.eclipse.justj.openjdk.hotspot.jre.full.win32.x86_64_15.0.1.v20201027-0507\jre\bin\vcruntime140_1.dll
0x00007ffa9f540000 - 0x00007ffa9f5d1000 	C:\Users\Arijit\.p2\pool\plugins\org.eclipse.justj.openjdk.hotspot.jre.full.win32.x86_64_15.0.1.v20201027-0507\jre\bin\msvcp140.dll
0x00007ffa4be40000 - 0x00007ffa4c99e000 	C:\Users\Arijit\.p2\pool\plugins\org.eclipse.justj.openjdk.hotspot.jre.full.win32.x86_64_15.0.1.v20201027-0507\jre\bin\server\jvm.dll
0x00007ffab6fc0000 - 0x00007ffab706c000 	C:\WINDOWS\System32\ADVAPI32.dll
0x00007ffab7340000 - 0x00007ffab73db000 	C:\WINDOWS\System32\sechost.dll
0x00007ffab7210000 - 0x00007ffab733b000 	C:\WINDOWS\System32\RPCRT4.dll
0x00007ffab6be0000 - 0x00007ffab6be8000 	C:\WINDOWS\System32\PSAPI.DLL
0x00007ffaad610000 - 0x00007ffaad619000 	C:\WINDOWS\SYSTEM32\WSOCK32.dll
0x00007ffa9e7e0000 - 0x00007ffa9e807000 	C:\WINDOWS\SYSTEM32\WINMM.dll
0x00007ffab2040000 - 0x00007ffab204a000 	C:\WINDOWS\SYSTEM32\VERSION.dll
0x00007ffab7c00000 - 0x00007ffab7c6b000 	C:\WINDOWS\System32\WS2_32.dll
0x00007ffab2680000 - 0x00007ffab2692000 	C:\WINDOWS\SYSTEM32\kernel.appcore.dll
0x00007ffaa8e40000 - 0x00007ffaa8e4a000 	C:\Users\Arijit\.p2\pool\plugins\org.eclipse.justj.openjdk.hotspot.jre.full.win32.x86_64_15.0.1.v20201027-0507\jre\bin\jimage.dll
0x00007ffab4da0000 - 0x00007ffab4f84000 	C:\WINDOWS\SYSTEM32\DBGHELP.DLL
0x00007ffab4d70000 - 0x00007ffab4d9c000 	C:\WINDOWS\SYSTEM32\dbgcore.DLL
0x00007ffab53f0000 - 0x00007ffab5473000 	C:\WINDOWS\System32\bcryptPrimitives.dll
0x00007ffa9cd80000 - 0x00007ffa9cda5000 	C:\Users\Arijit\.p2\pool\plugins\org.eclipse.justj.openjdk.hotspot.jre.full.win32.x86_64_15.0.1.v20201027-0507\jre\bin\java.dll
0x00007ffa9cd60000 - 0x00007ffa9cd78000 	C:\Users\Arijit\.p2\pool\plugins\org.eclipse.justj.openjdk.hotspot.jre.full.win32.x86_64_15.0.1.v20201027-0507\jre\bin\zip.dll
0x00007ffab5ed0000 - 0x00007ffab660f000 	C:\WINDOWS\System32\SHELL32.dll
0x00007ffab2830000 - 0x00007ffab2fc0000 	C:\WINDOWS\SYSTEM32\windows.storage.dll
0x00007ffab6bf0000 - 0x00007ffab6f45000 	C:\WINDOWS\System32\combase.dll
0x00007ffab4640000 - 0x00007ffab466c000 	C:\WINDOWS\SYSTEM32\Wldp.dll
0x00007ffab7590000 - 0x00007ffab763e000 	C:\WINDOWS\System32\SHCORE.dll
0x00007ffab7530000 - 0x00007ffab7585000 	C:\WINDOWS\System32\shlwapi.dll
0x00007ffab5330000 - 0x00007ffab534f000 	C:\WINDOWS\SYSTEM32\profapi.dll

dbghelp: loaded successfully - version: 4.0.5 - missing functions: none
symbol engine: initialized successfully - sym options: 0x614 - pdb path: .;C:\Users\Arijit\.p2\pool\plugins\org.eclipse.justj.openjdk.hotspot.jre.full.win32.x86_64_15.0.1.v20201027-0507\jre\bin;C:\WINDOWS\SYSTEM32;C:\WINDOWS\WinSxS\amd64_microsoft.windows.common-controls_6595b64144ccf1df_6.0.19041.1052_none_60b8f8fd71f5e8cb;C:\Users\Arijit\.p2\pool\plugins\org.eclipse.justj.openjdk.hotspot.jre.full.win32.x86_64_15.0.1.v20201027-0507\jre\bin\server

VM Arguments:
jvm_args: -Dfile.encoding=Cp1252 -XX:+ShowCodeDetailsInExceptionMessages 
java_command: NumberPuzzleApp
java_class_path (initial): C:\Users\Arijit\Git\NumberPuzzle_Game\NumberPuzzleQuestion\bin
Launcher Type: SUN_STANDARD

[Global flags]
     intx CICompilerCount                          = 4                                         {product} {ergonomic}
     uint ConcGCThreads                            = 2                                         {product} {ergonomic}
     uint G1ConcRefinementThreads                  = 8                                         {product} {ergonomic}
   size_t G1HeapRegionSize                         = 1048576                                   {product} {ergonomic}
    uintx GCDrainStackTargetSize                   = 64                                        {product} {ergonomic}
   size_t InitialHeapSize                          = 134217728                                 {product} {ergonomic}
   size_t MarkStackSize                            = 4194304                                   {product} {ergonomic}
   size_t MaxHeapSize                              = 2116026368                                {product} {ergonomic}
   size_t MaxNewSize                               = 1268776960                                {product} {ergonomic}
   size_t MinHeapDeltaBytes                        = 1048576                                   {product} {ergonomic}
   size_t MinHeapSize                              = 8388608                                   {product} {ergonomic}
    uintx NonNMethodCodeHeapSize                   = 5839372                                {pd product} {ergonomic}
    uintx NonProfiledCodeHeapSize                  = 122909434                              {pd product} {ergonomic}
    uintx ProfiledCodeHeapSize                     = 122909434                              {pd product} {ergonomic}
    uintx ReservedCodeCacheSize                    = 251658240                              {pd product} {ergonomic}
     bool SegmentedCodeCache                       = true                                      {product} {ergonomic}
     bool ShowCodeDetailsInExceptionMessages       = true                                   {manageable} {command line}
   size_t SoftMaxHeapSize                          = 2116026368                             {manageable} {ergonomic}
     bool UseCompressedClassPointers               = true                                 {lp64_product} {ergonomic}
     bool UseCompressedOops                        = true                                 {lp64_product} {ergonomic}
     bool UseG1GC                                  = true                                      {product} {ergonomic}
     bool UseLargePagesIndividualAllocation        = false                                  {pd product} {ergonomic}

Logging:
Log output configuration:
 #0: stdout all=warning uptime,level,tags
 #1: stderr all=off uptime,level,tags

Environment Variables:
PATH=C:/Users/Arijit/.p2/pool/plugins/org.eclipse.justj.openjdk.hotspot.jre.full.win32.x86_64_15.0.1.v20201027-0507/jre/bin/server;C:/Users/Arijit/.p2/pool/plugins/org.eclipse.justj.openjdk.hotspot.jre.full.win32.x86_64_15.0.1.v20201027-0507/jre/bin;C:\Python39\Scripts\;C:\Python39\;C:\Python38\Scripts\;C:\Python38\;C:\Windows\system32;C:\Windows;C:\Windows\System32\Wbem;C:\Windows\System32\WindowsPowerShell\v1.0\;C:\Windows\System32\OpenSSH\;C:\Program Files (x86)\NVIDIA Corporation\PhysX\Common;C:\Program Files\NVIDIA Corporation\NVIDIA NvDLISR;C:\ProgramData\chocolatey\bin;C:\Users\Arijit\Git\cmd;C:\WINDOWS\system32;C:\WINDOWS;C:\WINDOWS\System32\Wbem;C:\WINDOWS\System32\WindowsPowerShell\v1.0\;C:\WINDOWS\System32\OpenSSH\;D:\Downloads\Program Files\;C:\Program Files (x86)\Calibre2\;C:\Users\Arijit\AppData\Local\Programs\Microsoft VS Code\bin;C:\Users\Arijit\heroku\bin;C:\flutter\bin;C:\Program Files\MongoDB\Server\4.4\bin\;C:\Users\Arijit\AppData\Local\GitHubDesktop\bin;C:\Users\Arijit\AppData\Local\Microsoft\WindowsApps;C:\Users\Arijit\AppData\Local\Android\Sdk\platform-tools;C:\Users\Arijit\AppData\Local\Android\Sdk\platforms;C:\Users\Arijit\AppData\Roaming\npm;;C:\WINDOWS\System32;
USERNAME=Arijit
OS=Windows_NT
PROCESSOR_IDENTIFIER=Intel64 Family 6 Model 158 Stepping 10, GenuineIntel



---------------  S Y S T E M  ---------------

OS:
 Windows 10 , 64 bit Build 19041 (10.0.19041.1023)
OS uptime: 2 days 19:25 hours
HyperV virtualization detected

CPU: total 8 (initial active 8) (4 cores per cpu, 2 threads per core) family 6 model 158 stepping 10 microcode 0xde, cmov, cx8, fxsr, mmx, sse, sse2, sse3, ssse3, sse4.1, sse4.2, popcnt, vzeroupper, avx, avx2, aes, clmul, erms, 3dnowpref, lzcnt, ht, tsc, tscinvbit, bmi1, bmi2, adx, fma, clflush, clflushopt

Memory: 4k page, system-wide physical 8066M (526M free)
TotalPageFile size 57218M (AvailPageFile size 0M)
current process WorkingSet (physical memory assigned to process): 31M, peak: 31M
current process commit charge ("private bytes"): 204M, peak: 204M

vm_info: OpenJDK 64-Bit Server VM (15.0.1+9-18) for windows-amd64 JRE (15.0.1+9-18), built on Sep 15 2020 14:39:31 by "mach5one" with unknown MS VC++:1925

END.
